<?xml version="1.0" encoding="UTF-8"?>
<!-- Generated by org.testng.reporters.JUnitXMLReporter -->
<testsuite ignored="1" hostname="DESKTOP-5874SPL" failures="0" tests="3" name="Default test" time="10.435" errors="0" timestamp="2023-04-13T00:16:24 IST">
  <testcase classname="com.obsquara.TestNgProject.Parametrization" name="dataProviderParameterization" time="0.014"/>
  <testcase classname="com.obsquara.TestNgProject.Parametrization" name="dataProviderParameterization" time="0.003"/>
  <testcase classname="com.obsquara.TestNgProject.Parametrization" name="dataProviderParameterization" time="0.003"/>
  <testcase classname="com.obsquara.TestNgProject.Parametrization" name="parametersWithTest" time="0.0">
    <ignored/>
  </testcase> <!-- parametersWithTest -->
</testsuite> <!-- Default test -->
