<?xml version="1.0" encoding="UTF-8"?>
<!-- Generated by org.testng.reporters.JUnitXMLReporter -->
<testsuite ignored="0" hostname="DESKTOP-5874SPL" failures="0" tests="8" name="Default test" time="27.805" errors="0" timestamp="2023-02-23T00:50:41 IST">
  <testcase classname="com.obsquara.TestNgProject.Locators" name="locateByClass" time="0.052"/>
  <testcase classname="com.obsquara.TestNgProject.Locators" name="locateByCssselector" time="0.101"/>
  <testcase classname="com.obsquara.TestNgProject.Locators" name="locateByLinkText" time="0.085"/>
  <testcase classname="com.obsquara.TestNgProject.Locators" name="locateByPartialLinkText" time="0.328"/>
  <testcase classname="com.obsquara.TestNgProject.Locators" name="locateByTagName" time="0.06"/>
  <testcase classname="com.obsquara.TestNgProject.Locators" name="locateByXPath" time="0.194"/>
  <testcase classname="com.obsquara.TestNgProject.Locators" name="locatorById" time="1.608"/>
  <testcase classname="com.obsquara.TestNgProject.Locators" name="locatorsbyName" time="0.023"/>
</testsuite> <!-- Default test -->
