<?xml version="1.0" encoding="UTF-8"?>
<!-- Generated by org.testng.reporters.JUnitXMLReporter -->
<testsuite ignored="1" hostname="DESKTOP-5874SPL" failures="0" tests="3" name="Test" time="11.265" errors="0" timestamp="2023-04-04T08:15:42 IST">
  <testcase classname="com.obsquara.TestNgProject.Parametrization" name="dataProviderParameterization" time="0.005"/>
  <testcase classname="com.obsquara.TestNgProject.Parametrization" name="dataProviderParameterization" time="0.001"/>
  <testcase classname="com.obsquara.TestNgProject.Parametrization" name="dataProviderParameterization" time="0.001"/>
  <testcase classname="com.obsquara.TestNgProject.Parametrization" name="parametersWithTest" time="0.0">
    <ignored/>
  </testcase> <!-- parametersWithTest -->
</testsuite> <!-- Test -->
